2023-10-10 11:36:44,378:WARNING:
'cuml' is a soft dependency and not included in the pycaret installation. Please run: `pip install cuml` to install.
2023-10-10 11:36:44,379:WARNING:
'cuml' is a soft dependency and not included in the pycaret installation. Please run: `pip install cuml` to install.
2023-10-10 11:36:44,379:WARNING:
'cuml' is a soft dependency and not included in the pycaret installation. Please run: `pip install cuml` to install.
2023-10-10 11:36:44,379:WARNING:
'cuml' is a soft dependency and not included in the pycaret installation. Please run: `pip install cuml` to install.
2023-10-10 11:38:04,408:WARNING:
'cuml' is a soft dependency and not included in the pycaret installation. Please run: `pip install cuml` to install.
2023-10-10 11:38:04,408:WARNING:
'cuml' is a soft dependency and not included in the pycaret installation. Please run: `pip install cuml` to install.
2023-10-10 11:38:04,408:WARNING:
'cuml' is a soft dependency and not included in the pycaret installation. Please run: `pip install cuml` to install.
2023-10-10 11:38:04,408:WARNING:
'cuml' is a soft dependency and not included in the pycaret installation. Please run: `pip install cuml` to install.
2023-10-10 11:38:28,256:WARNING:
'cuml' is a soft dependency and not included in the pycaret installation. Please run: `pip install cuml` to install.
2023-10-10 11:38:28,256:WARNING:
'cuml' is a soft dependency and not included in the pycaret installation. Please run: `pip install cuml` to install.
2023-10-10 11:38:28,256:WARNING:
'cuml' is a soft dependency and not included in the pycaret installation. Please run: `pip install cuml` to install.
2023-10-10 11:38:28,256:WARNING:
'cuml' is a soft dependency and not included in the pycaret installation. Please run: `pip install cuml` to install.
2023-10-10 11:39:13,967:WARNING:
'cuml' is a soft dependency and not included in the pycaret installation. Please run: `pip install cuml` to install.
2023-10-10 11:39:13,967:WARNING:
'cuml' is a soft dependency and not included in the pycaret installation. Please run: `pip install cuml` to install.
2023-10-10 11:39:13,967:WARNING:
'cuml' is a soft dependency and not included in the pycaret installation. Please run: `pip install cuml` to install.
2023-10-10 11:39:13,967:WARNING:
'cuml' is a soft dependency and not included in the pycaret installation. Please run: `pip install cuml` to install.
2023-10-10 11:40:41,090:INFO:Initializing predict_model()
2023-10-10 11:40:41,090:INFO:predict_model(self=<pycaret.regression.oop.RegressionExperiment object at 0x000001ED36920E20>, estimator=<_io.BufferedReader name='model.pkl'>, probability_threshold=None, encoded_labels=False, raw_score=False, round=4, verbose=True, ml_usecase=None, preprocess=True, encode_labels=<function _SupervisedExperiment.predict_model.<locals>.encode_labels at 0x000001ED3697EC20>)
2023-10-10 11:40:41,090:INFO:Checking exceptions
2023-10-10 11:40:41,091:INFO:Preloading libraries
2023-10-10 11:42:11,747:INFO:Initializing predict_model()
2023-10-10 11:42:11,747:INFO:predict_model(self=<pycaret.regression.oop.RegressionExperiment object at 0x000001ED369500D0>, estimator=<_io.BufferedReader name='model.pkl'>, probability_threshold=None, encoded_labels=False, raw_score=False, round=4, verbose=True, ml_usecase=None, preprocess=True, encode_labels=<function _SupervisedExperiment.predict_model.<locals>.encode_labels at 0x000001ED36AFE7A0>)
2023-10-10 11:42:11,747:INFO:Checking exceptions
2023-10-10 11:42:11,747:INFO:Preloading libraries
2023-10-10 11:45:27,966:INFO:Initializing predict_model()
2023-10-10 11:45:27,966:INFO:predict_model(self=<pycaret.regression.oop.RegressionExperiment object at 0x000001ED37F6B340>, estimator=<_io.BufferedReader name='model.pkl'>, probability_threshold=None, encoded_labels=False, raw_score=False, round=4, verbose=True, ml_usecase=None, preprocess=True, encode_labels=<function _SupervisedExperiment.predict_model.<locals>.encode_labels at 0x000001ED36D470A0>)
2023-10-10 11:45:27,967:INFO:Checking exceptions
2023-10-10 11:45:27,967:INFO:Preloading libraries
2023-10-10 11:46:36,046:WARNING:
'cuml' is a soft dependency and not included in the pycaret installation. Please run: `pip install cuml` to install.
2023-10-10 11:46:36,046:WARNING:
'cuml' is a soft dependency and not included in the pycaret installation. Please run: `pip install cuml` to install.
2023-10-10 11:46:36,046:WARNING:
'cuml' is a soft dependency and not included in the pycaret installation. Please run: `pip install cuml` to install.
2023-10-10 11:46:36,046:WARNING:
'cuml' is a soft dependency and not included in the pycaret installation. Please run: `pip install cuml` to install.
2023-10-10 11:46:57,485:WARNING:
'cuml' is a soft dependency and not included in the pycaret installation. Please run: `pip install cuml` to install.
2023-10-10 11:46:57,485:WARNING:
'cuml' is a soft dependency and not included in the pycaret installation. Please run: `pip install cuml` to install.
2023-10-10 11:46:57,485:WARNING:
'cuml' is a soft dependency and not included in the pycaret installation. Please run: `pip install cuml` to install.
2023-10-10 11:46:57,485:WARNING:
'cuml' is a soft dependency and not included in the pycaret installation. Please run: `pip install cuml` to install.
2023-10-10 11:47:07,873:WARNING:C:\Users\ESIEE-IT\AppData\Local\Programs\Python\Python310\lib\site-packages\sklearn\base.py:439: UserWarning: X does not have valid feature names, but RandomForestClassifier was fitted with feature names
  warnings.warn(

2023-10-10 11:47:48,557:WARNING:C:\Users\ESIEE-IT\AppData\Local\Programs\Python\Python310\lib\site-packages\sklearn\base.py:439: UserWarning: X does not have valid feature names, but RandomForestClassifier was fitted with feature names
  warnings.warn(

2023-10-10 11:48:30,219:WARNING:
'cuml' is a soft dependency and not included in the pycaret installation. Please run: `pip install cuml` to install.
2023-10-10 11:48:30,219:WARNING:
'cuml' is a soft dependency and not included in the pycaret installation. Please run: `pip install cuml` to install.
2023-10-10 11:48:30,219:WARNING:
'cuml' is a soft dependency and not included in the pycaret installation. Please run: `pip install cuml` to install.
2023-10-10 11:48:30,219:WARNING:
'cuml' is a soft dependency and not included in the pycaret installation. Please run: `pip install cuml` to install.
2023-10-10 11:48:56,150:WARNING:C:\Users\ESIEE-IT\AppData\Local\Programs\Python\Python310\lib\site-packages\sklearn\base.py:439: UserWarning: X does not have valid feature names, but RandomForestClassifier was fitted with feature names
  warnings.warn(

2023-10-10 11:49:17,645:WARNING:C:\Users\ESIEE-IT\AppData\Local\Programs\Python\Python310\lib\site-packages\sklearn\base.py:439: UserWarning: X does not have valid feature names, but RandomForestClassifier was fitted with feature names
  warnings.warn(

2023-10-10 11:50:35,312:WARNING:
'cuml' is a soft dependency and not included in the pycaret installation. Please run: `pip install cuml` to install.
2023-10-10 11:50:35,312:WARNING:
'cuml' is a soft dependency and not included in the pycaret installation. Please run: `pip install cuml` to install.
2023-10-10 11:50:35,312:WARNING:
'cuml' is a soft dependency and not included in the pycaret installation. Please run: `pip install cuml` to install.
2023-10-10 11:50:35,312:WARNING:
'cuml' is a soft dependency and not included in the pycaret installation. Please run: `pip install cuml` to install.
2023-10-10 11:50:40,317:WARNING:C:\Users\ESIEE-IT\AppData\Local\Programs\Python\Python310\lib\site-packages\sklearn\base.py:439: UserWarning: X does not have valid feature names, but RandomForestClassifier was fitted with feature names
  warnings.warn(

2023-10-10 11:50:56,495:WARNING:C:\Users\ESIEE-IT\AppData\Local\Programs\Python\Python310\lib\site-packages\sklearn\base.py:439: UserWarning: X does not have valid feature names, but RandomForestClassifier was fitted with feature names
  warnings.warn(

2023-10-10 11:51:50,244:WARNING:
'cuml' is a soft dependency and not included in the pycaret installation. Please run: `pip install cuml` to install.
2023-10-10 11:51:50,244:WARNING:
'cuml' is a soft dependency and not included in the pycaret installation. Please run: `pip install cuml` to install.
2023-10-10 11:51:50,244:WARNING:
'cuml' is a soft dependency and not included in the pycaret installation. Please run: `pip install cuml` to install.
2023-10-10 11:51:50,244:WARNING:
'cuml' is a soft dependency and not included in the pycaret installation. Please run: `pip install cuml` to install.
2023-10-10 11:51:56,775:WARNING:C:\Users\ESIEE-IT\AppData\Local\Programs\Python\Python310\lib\site-packages\sklearn\base.py:439: UserWarning: X does not have valid feature names, but RandomForestClassifier was fitted with feature names
  warnings.warn(

2023-10-10 11:53:24,299:WARNING:
'cuml' is a soft dependency and not included in the pycaret installation. Please run: `pip install cuml` to install.
2023-10-10 11:53:24,303:WARNING:
'cuml' is a soft dependency and not included in the pycaret installation. Please run: `pip install cuml` to install.
2023-10-10 11:53:24,303:WARNING:
'cuml' is a soft dependency and not included in the pycaret installation. Please run: `pip install cuml` to install.
2023-10-10 11:53:24,303:WARNING:
'cuml' is a soft dependency and not included in the pycaret installation. Please run: `pip install cuml` to install.
2023-10-10 11:53:32,092:WARNING:C:\Users\ESIEE-IT\AppData\Local\Programs\Python\Python310\lib\site-packages\sklearn\base.py:439: UserWarning: X does not have valid feature names, but RandomForestClassifier was fitted with feature names
  warnings.warn(

2023-10-10 11:57:01,394:WARNING:C:\Users\ESIEE-IT\AppData\Local\Programs\Python\Python310\lib\site-packages\sklearn\base.py:439: UserWarning: X does not have valid feature names, but RandomForestClassifier was fitted with feature names
  warnings.warn(

2023-10-10 12:03:10,032:WARNING:C:\Users\ESIEE-IT\AppData\Local\Programs\Python\Python310\lib\site-packages\sklearn\base.py:439: UserWarning: X does not have valid feature names, but RandomForestClassifier was fitted with feature names
  warnings.warn(

2023-10-10 12:35:11,649:WARNING:C:\Users\ESIEE-IT\AppData\Local\Programs\Python\Python310\lib\site-packages\sklearn\base.py:439: UserWarning: X does not have valid feature names, but RandomForestClassifier was fitted with feature names
  warnings.warn(

2023-10-10 14:27:35,585:WARNING:
'cuml' is a soft dependency and not included in the pycaret installation. Please run: `pip install cuml` to install.
2023-10-10 14:27:35,585:WARNING:
'cuml' is a soft dependency and not included in the pycaret installation. Please run: `pip install cuml` to install.
2023-10-10 14:27:35,585:WARNING:
'cuml' is a soft dependency and not included in the pycaret installation. Please run: `pip install cuml` to install.
2023-10-10 14:27:35,585:WARNING:
'cuml' is a soft dependency and not included in the pycaret installation. Please run: `pip install cuml` to install.
2023-10-10 14:28:34,843:WARNING:
'cuml' is a soft dependency and not included in the pycaret installation. Please run: `pip install cuml` to install.
2023-10-10 14:28:34,845:WARNING:
'cuml' is a soft dependency and not included in the pycaret installation. Please run: `pip install cuml` to install.
2023-10-10 14:28:34,845:WARNING:
'cuml' is a soft dependency and not included in the pycaret installation. Please run: `pip install cuml` to install.
2023-10-10 14:28:34,845:WARNING:
'cuml' is a soft dependency and not included in the pycaret installation. Please run: `pip install cuml` to install.
2023-10-10 14:31:10,975:WARNING:
'cuml' is a soft dependency and not included in the pycaret installation. Please run: `pip install cuml` to install.
2023-10-10 14:31:10,975:WARNING:
'cuml' is a soft dependency and not included in the pycaret installation. Please run: `pip install cuml` to install.
2023-10-10 14:31:10,975:WARNING:
'cuml' is a soft dependency and not included in the pycaret installation. Please run: `pip install cuml` to install.
2023-10-10 14:31:10,975:WARNING:
'cuml' is a soft dependency and not included in the pycaret installation. Please run: `pip install cuml` to install.
2023-10-10 14:31:42,445:WARNING:
'cuml' is a soft dependency and not included in the pycaret installation. Please run: `pip install cuml` to install.
2023-10-10 14:31:42,448:WARNING:
'cuml' is a soft dependency and not included in the pycaret installation. Please run: `pip install cuml` to install.
2023-10-10 14:31:42,448:WARNING:
'cuml' is a soft dependency and not included in the pycaret installation. Please run: `pip install cuml` to install.
2023-10-10 14:31:42,448:WARNING:
'cuml' is a soft dependency and not included in the pycaret installation. Please run: `pip install cuml` to install.
2023-10-10 14:35:29,695:WARNING:
'cuml' is a soft dependency and not included in the pycaret installation. Please run: `pip install cuml` to install.
2023-10-10 14:35:29,695:WARNING:
'cuml' is a soft dependency and not included in the pycaret installation. Please run: `pip install cuml` to install.
2023-10-10 14:35:29,695:WARNING:
'cuml' is a soft dependency and not included in the pycaret installation. Please run: `pip install cuml` to install.
2023-10-10 14:35:29,695:WARNING:
'cuml' is a soft dependency and not included in the pycaret installation. Please run: `pip install cuml` to install.
2023-10-10 14:51:37,875:WARNING:
'cuml' is a soft dependency and not included in the pycaret installation. Please run: `pip install cuml` to install.
2023-10-10 14:51:37,875:WARNING:
'cuml' is a soft dependency and not included in the pycaret installation. Please run: `pip install cuml` to install.
2023-10-10 14:51:37,875:WARNING:
'cuml' is a soft dependency and not included in the pycaret installation. Please run: `pip install cuml` to install.
2023-10-10 14:51:37,875:WARNING:
'cuml' is a soft dependency and not included in the pycaret installation. Please run: `pip install cuml` to install.
2023-10-10 14:53:28,377:WARNING:C:\Users\ESIEE-IT\AppData\Local\Programs\Python\Python310\lib\site-packages\sklearn\base.py:439: UserWarning: X does not have valid feature names, but KNeighborsClassifier was fitted with feature names
  warnings.warn(

2023-10-10 14:55:33,045:WARNING:C:\Users\ESIEE-IT\AppData\Local\Programs\Python\Python310\lib\site-packages\sklearn\base.py:439: UserWarning: X does not have valid feature names, but KNeighborsClassifier was fitted with feature names
  warnings.warn(

2023-10-10 14:55:40,551:WARNING:C:\Users\ESIEE-IT\AppData\Local\Programs\Python\Python310\lib\site-packages\sklearn\base.py:439: UserWarning: X does not have valid feature names, but KNeighborsClassifier was fitted with feature names
  warnings.warn(

2023-10-10 14:55:43,285:WARNING:C:\Users\ESIEE-IT\AppData\Local\Programs\Python\Python310\lib\site-packages\sklearn\base.py:439: UserWarning: X does not have valid feature names, but KNeighborsClassifier was fitted with feature names
  warnings.warn(

2023-10-10 14:55:43,458:WARNING:C:\Users\ESIEE-IT\AppData\Local\Programs\Python\Python310\lib\site-packages\sklearn\base.py:439: UserWarning: X does not have valid feature names, but KNeighborsClassifier was fitted with feature names
  warnings.warn(

2023-10-10 14:55:43,698:WARNING:C:\Users\ESIEE-IT\AppData\Local\Programs\Python\Python310\lib\site-packages\sklearn\base.py:439: UserWarning: X does not have valid feature names, but KNeighborsClassifier was fitted with feature names
  warnings.warn(

2023-10-10 14:55:49,125:WARNING:C:\Users\ESIEE-IT\AppData\Local\Programs\Python\Python310\lib\site-packages\sklearn\base.py:439: UserWarning: X does not have valid feature names, but KNeighborsClassifier was fitted with feature names
  warnings.warn(

2023-10-10 15:00:21,017:WARNING:C:\Users\ESIEE-IT\AppData\Local\Programs\Python\Python310\lib\site-packages\sklearn\base.py:439: UserWarning: X does not have valid feature names, but KNeighborsClassifier was fitted with feature names
  warnings.warn(

2023-10-10 15:00:45,748:WARNING:C:\Users\ESIEE-IT\AppData\Local\Programs\Python\Python310\lib\site-packages\sklearn\base.py:439: UserWarning: X does not have valid feature names, but KNeighborsClassifier was fitted with feature names
  warnings.warn(

2023-10-10 15:02:05,422:WARNING:C:\Users\ESIEE-IT\AppData\Local\Programs\Python\Python310\lib\site-packages\sklearn\base.py:439: UserWarning: X does not have valid feature names, but KNeighborsClassifier was fitted with feature names
  warnings.warn(

2023-10-10 15:02:32,676:WARNING:
'cuml' is a soft dependency and not included in the pycaret installation. Please run: `pip install cuml` to install.
2023-10-10 15:02:32,676:WARNING:
'cuml' is a soft dependency and not included in the pycaret installation. Please run: `pip install cuml` to install.
2023-10-10 15:02:32,676:WARNING:
'cuml' is a soft dependency and not included in the pycaret installation. Please run: `pip install cuml` to install.
2023-10-10 15:02:32,677:WARNING:
'cuml' is a soft dependency and not included in the pycaret installation. Please run: `pip install cuml` to install.
2023-10-10 15:02:35,236:WARNING:C:\Users\ESIEE-IT\AppData\Local\Programs\Python\Python310\lib\site-packages\sklearn\base.py:439: UserWarning: X does not have valid feature names, but KNeighborsClassifier was fitted with feature names
  warnings.warn(

2023-10-10 15:03:16,277:WARNING:
'cuml' is a soft dependency and not included in the pycaret installation. Please run: `pip install cuml` to install.
2023-10-10 15:03:16,277:WARNING:
'cuml' is a soft dependency and not included in the pycaret installation. Please run: `pip install cuml` to install.
2023-10-10 15:03:16,277:WARNING:
'cuml' is a soft dependency and not included in the pycaret installation. Please run: `pip install cuml` to install.
2023-10-10 15:03:16,277:WARNING:
'cuml' is a soft dependency and not included in the pycaret installation. Please run: `pip install cuml` to install.
2023-10-10 15:03:18,736:WARNING:C:\Users\ESIEE-IT\AppData\Local\Programs\Python\Python310\lib\site-packages\sklearn\base.py:439: UserWarning: X does not have valid feature names, but KNeighborsClassifier was fitted with feature names
  warnings.warn(

2023-10-10 15:04:33,161:WARNING:
'cuml' is a soft dependency and not included in the pycaret installation. Please run: `pip install cuml` to install.
2023-10-10 15:04:33,165:WARNING:
'cuml' is a soft dependency and not included in the pycaret installation. Please run: `pip install cuml` to install.
2023-10-10 15:04:33,165:WARNING:
'cuml' is a soft dependency and not included in the pycaret installation. Please run: `pip install cuml` to install.
2023-10-10 15:04:33,165:WARNING:
'cuml' is a soft dependency and not included in the pycaret installation. Please run: `pip install cuml` to install.
2023-10-10 15:06:06,993:WARNING:
'cuml' is a soft dependency and not included in the pycaret installation. Please run: `pip install cuml` to install.
2023-10-10 15:06:06,994:WARNING:
'cuml' is a soft dependency and not included in the pycaret installation. Please run: `pip install cuml` to install.
2023-10-10 15:06:06,994:WARNING:
'cuml' is a soft dependency and not included in the pycaret installation. Please run: `pip install cuml` to install.
2023-10-10 15:06:06,994:WARNING:
'cuml' is a soft dependency and not included in the pycaret installation. Please run: `pip install cuml` to install.
2023-10-10 15:07:22,674:WARNING:
'cuml' is a soft dependency and not included in the pycaret installation. Please run: `pip install cuml` to install.
2023-10-10 15:07:22,674:WARNING:
'cuml' is a soft dependency and not included in the pycaret installation. Please run: `pip install cuml` to install.
2023-10-10 15:07:22,674:WARNING:
'cuml' is a soft dependency and not included in the pycaret installation. Please run: `pip install cuml` to install.
2023-10-10 15:07:22,674:WARNING:
'cuml' is a soft dependency and not included in the pycaret installation. Please run: `pip install cuml` to install.
2023-10-10 15:09:02,233:WARNING:
'cuml' is a soft dependency and not included in the pycaret installation. Please run: `pip install cuml` to install.
2023-10-10 15:09:02,233:WARNING:
'cuml' is a soft dependency and not included in the pycaret installation. Please run: `pip install cuml` to install.
2023-10-10 15:09:02,233:WARNING:
'cuml' is a soft dependency and not included in the pycaret installation. Please run: `pip install cuml` to install.
2023-10-10 15:09:02,233:WARNING:
'cuml' is a soft dependency and not included in the pycaret installation. Please run: `pip install cuml` to install.
2023-10-10 15:09:18,446:WARNING:C:\Users\ESIEE-IT\AppData\Local\Programs\Python\Python310\lib\site-packages\sklearn\base.py:439: UserWarning: X does not have valid feature names, but KNeighborsClassifier was fitted with feature names
  warnings.warn(

2023-10-10 15:10:16,522:WARNING:C:\Users\ESIEE-IT\AppData\Local\Programs\Python\Python310\lib\site-packages\sklearn\base.py:439: UserWarning: X does not have valid feature names, but KNeighborsClassifier was fitted with feature names
  warnings.warn(

2023-10-10 15:10:22,721:WARNING:C:\Users\ESIEE-IT\AppData\Local\Programs\Python\Python310\lib\site-packages\sklearn\base.py:439: UserWarning: X does not have valid feature names, but KNeighborsClassifier was fitted with feature names
  warnings.warn(

2023-10-10 15:10:25,814:WARNING:C:\Users\ESIEE-IT\AppData\Local\Programs\Python\Python310\lib\site-packages\sklearn\base.py:439: UserWarning: X does not have valid feature names, but KNeighborsClassifier was fitted with feature names
  warnings.warn(

2023-10-10 15:10:28,998:WARNING:C:\Users\ESIEE-IT\AppData\Local\Programs\Python\Python310\lib\site-packages\sklearn\base.py:439: UserWarning: X does not have valid feature names, but KNeighborsClassifier was fitted with feature names
  warnings.warn(

2023-10-10 15:10:59,023:WARNING:C:\Users\ESIEE-IT\AppData\Local\Programs\Python\Python310\lib\site-packages\sklearn\base.py:439: UserWarning: X does not have valid feature names, but KNeighborsClassifier was fitted with feature names
  warnings.warn(

2023-10-10 15:11:29,127:WARNING:C:\Users\ESIEE-IT\AppData\Local\Programs\Python\Python310\lib\site-packages\sklearn\base.py:439: UserWarning: X does not have valid feature names, but KNeighborsClassifier was fitted with feature names
  warnings.warn(

2023-10-10 15:11:55,436:WARNING:C:\Users\ESIEE-IT\AppData\Local\Programs\Python\Python310\lib\site-packages\sklearn\base.py:439: UserWarning: X does not have valid feature names, but KNeighborsClassifier was fitted with feature names
  warnings.warn(

2023-10-10 15:12:00,828:WARNING:C:\Users\ESIEE-IT\AppData\Local\Programs\Python\Python310\lib\site-packages\sklearn\base.py:439: UserWarning: X does not have valid feature names, but KNeighborsClassifier was fitted with feature names
  warnings.warn(

2023-10-10 15:12:51,091:WARNING:C:\Users\ESIEE-IT\AppData\Local\Programs\Python\Python310\lib\site-packages\sklearn\base.py:439: UserWarning: X does not have valid feature names, but KNeighborsClassifier was fitted with feature names
  warnings.warn(

2023-10-10 15:13:08,320:WARNING:C:\Users\ESIEE-IT\AppData\Local\Programs\Python\Python310\lib\site-packages\sklearn\base.py:439: UserWarning: X does not have valid feature names, but KNeighborsClassifier was fitted with feature names
  warnings.warn(

2023-10-10 15:15:36,259:WARNING:C:\Users\ESIEE-IT\AppData\Local\Programs\Python\Python310\lib\site-packages\sklearn\base.py:439: UserWarning: X does not have valid feature names, but KNeighborsClassifier was fitted with feature names
  warnings.warn(

